============================================== test session starts ==============================================
platform linux -- Python 3.5.2, pytest-2.9.2, py-1.4.31, pluggy-0.3.1                                            
rootdir: /home/admin736/Desktop/Adamthe1st-green-cortex/source_2, inifile:                                       
collected 6 items                                                                                                
                                                                                                                 
tests/test_read_data.py ......                                                                                   
                                                                                                                 
=========================================== 6 passed in 0.28 seconds ============================================
